Loading required package: sp
Linking to GEOS 3.10.2, GDAL 3.4.1, PROJ 8.2.1; sf_use_s2() is TRUE
Please note that rgdal will be retired by the end of 2023,
plan transition to sf/stars/terra functions using GDAL and PROJ
at your earliest convenience.

rgdal: version: 1.5-28, (SVN revision 1158)
Geospatial Data Abstraction Library extensions to R successfully loaded
Loaded GDAL runtime: GDAL 3.4.1, released 2021/12/27
Path to GDAL shared files: /home/mtietje/miniconda3/envs/pdiv/share/gdal
GDAL binary built with GEOS: TRUE 
Loaded PROJ runtime: Rel. 8.2.1, January 1st, 2022, [PJ_VERSION: 821]
Path to PROJ shared files: /home/mtietje/miniconda3/envs/pdiv/share/proj
PROJ CDN enabled: TRUE
Linking to sp version:1.4-6
To mute warnings of possible GDAL/OSR exportToProj4() degradation,
use options("rgdal_show_exportToProj4_warnings"="none") before loading sp or rgdal.
Error in .local(.Object, ...) : 

Error in .rasterObjectFromFile(x, band = band, objecttype = "RasterLayer",  : 
  Cannot create a RasterLayer object from this file. (file does not exist)
Calls: raster -> raster -> .local -> .rasterObjectFromFile
Execution halted
